#
# There is insufficient memory for the Java Runtime Environment to continue.
# Native memory allocation (mmap) failed to map 134217728 bytes. Error detail: G1 virtual space
# Possible reasons:
#   The system is out of physical RAM or swap space
#   This process is running with CompressedOops enabled, and the Java Heap may be blocking the growth of the native heap
# Possible solutions:
#   Reduce memory load on the system
#   Increase physical memory or swap space
#   Check if swap backing store is full
#   Decrease Java heap size (-Xmx/-Xms)
#   Decrease number of Java threads
#   Decrease Java thread stack sizes (-Xss)
#   Set larger code cache with -XX:ReservedCodeCacheSize=
#   JVM is running with Unscaled Compressed Oops mode in which the Java heap is
#     placed in the first 4GB address space. The Java Heap base address is the
#     maximum limit for the native heap growth. Please use -XX:HeapBaseMinAddress
#     to set the Java Heap base and to place the Java Heap above 4GB virtual address.
# This output file may be truncated or incomplete.
#
#  Out of Memory Error (os_windows.cpp:3554), pid=13536, tid=16976
#
# JRE version:  (25.0+37) (build )
# Java VM: Java HotSpot(TM) 64-Bit Server VM (25+37-LTS-3491, mixed mode, sharing, tiered, compressed oops, compressed class ptrs, g1 gc, windows-amd64)
# No core dump will be written. Minidumps are not enabled by default on client versions of Windows
#

---------------  S U M M A R Y ------------

Command Line: -javaagent:C:\Users\Admin\AppData\Local\Programs\IntelliJ IDEA 2025.2.4\lib\idea_rt.jar=53649 -Dfile.encoding=UTF-8 -Dsun.stdout.encoding=UTF-8 -Dsun.stderr.encoding=UTF-8 com.marvellous.MarvellousFullStack.MarvellousFullStackApplication

Host: Intel(R) Core(TM) i7-4600U CPU @ 2.10GHz, 4 cores, 7G,  Windows 11 , 64 bit Build 22621 (10.0.22621.5415)
Time: Fri Apr 17 02:54:34 2026 India Standard Time elapsed time: 0.208670 seconds (0d 0h 0m 0s)

---------------  T H R E A D  ---------------

Current thread (0x0000016f15f39da0):  JavaThread "Unknown thread" [_thread_in_vm, id=16976, stack(0x0000003703700000,0x0000003703800000) (1024K)]

Stack: [0x0000003703700000,0x0000003703800000]
Native frames: (J=compiled Java code, j=interpreted, Vv=VM code, C=native code)
V  [jvm.dll+0x7a6a39]  (no source info available)
V  [jvm.dll+0x7727ed]  (no source info available)
V  [jvm.dll+0x965f33]  (no source info available)
V  [jvm.dll+0x968531]  (no source info available)
V  [jvm.dll+0x968c33]  (no source info available)
V  [jvm.dll+0x2fc756]  (no source info available)
V  [jvm.dll+0x7a2c65]  (no source info available)
V  [jvm.dll+0x796077]  (no source info available)
V  [jvm.dll+0x3f4698]  (no source info available)
V  [jvm.dll+0x3fc5b6]  (no source info available)
V  [jvm.dll+0x3e8c8e]  (no source info available)
V  [jvm.dll+0x3e8f48]  (no source info available)
V  [jvm.dll+0x3c0045]  (no source info available)
V  [jvm.dll+0x3c0cce]  (no source info available)
V  [jvm.dll+0x92c647]  (no source info available)
V  [jvm.dll+0x458b62]  (no source info available)
V  [jvm.dll+0x90fff2]  (no source info available)
V  [jvm.dll+0x4f9001]  (no source info available)
V  [jvm.dll+0x4fa891]  (no source info available)
C  [jli.dll+0x543e]  (no source info available)
C  [ucrtbase.dll+0x29333]  (no source info available)
C  [KERNEL32.DLL+0x1259d]  (no source info available)
C  [ntdll.dll+0x5af78]  (no source info available)

Lock stack of current Java thread (top to bottom):


---------------  P R O C E S S  ---------------

Threads class SMR info:
_java_thread_list=0x00007fff27dd5308, length=0, elements={
}

Java Threads: ( => current thread )
Total: 0

Other Threads:
  0x0000016f1820e4e0 WorkerThread "GC Thread#0"                     [id=16640, stack(0x0000003703800000,0x0000003703900000) (1024K)]
  0x0000016f182282c0 ConcurrentGCThread "G1 Main Marker"            [id=19824, stack(0x0000003703900000,0x0000003703a00000) (1024K)]
  0x0000016f18229600 WorkerThread "G1 Conc#0"                       [id=11696, stack(0x0000003703a00000,0x0000003703b00000) (1024K)]

[error occurred during error reporting (printing all threads), id 0xc0000005, EXCEPTION_ACCESS_VIOLATION (0xc0000005) at pc=0x00007fff274b4c2a]
VM state: not at safepoint (not fully initialized)

VM Mutex/Monitor currently owned by a thread:  ([mutex/lock_event])
[0x00007fff27e59628] Heap_lock - owner thread: 0x0000016f15f39da0

Heap address: 0x0000000081800000, size: 2024 MB, Compressed Oops mode: 32-bit

CDS archive(s) mapped at: [0x0000000000000000-0x0000000000000000-0x0000000000000000), size 0, SharedBaseAddress: 0x0000000800000000, ArchiveRelocationMode: 1.
UseCompressedClassPointers 1, UseCompactObjectHeaders 0
Narrow klass pointer bits 32, Max shift 3
Narrow klass base: 0xffffffffffffffff, Narrow klass shift: -1
Encoding Range: [0xffffffffffffffff - 0x000000007fffffff), (2147483648 bytes)
Klass Range:    [0x0000000000000000 - 0x0000000000000000), (0 bytes)
Klass ID Range:  [4294967295 - 0) (1)
No protection zone.

GC Precious Log:
 CardTable entry size: 512
 Card Set container configuration: InlinePtr #cards 5 size 8 Array Of Cards #cards 10 size 36 Howl #buckets 4 coarsen threshold 1843 Howl Bitmap #cards 512 size 80 coarsen threshold 460 Card regions per heap region 1 cards per card region 2048

Heap:
 garbage-first heap   total reserved 2072576K, committed 0K, used 0K [0x0000000081800000, 0x0000000100000000)
  region size 1024K, 0 young (0K), 0 survivors (0K)

Heap Regions: E=young(eden), S=young(survivor), O=old, HS=humongous(starts), HC=humongous(continues), CS=collection set, F=free, TAMS=top-at-mark-start, PB=parsable bottom

Card table byte_map: [0x0000016f2fe30000,0x0000016f30230000] _byte_map_base: 0x0000016f2fa24000

Marking Bits: (CMBitMap*) 0x0000016f1820ec70
 Bits: [0x0000016f30230000, 0x0000016f321d0000)

GC Heap Usage History (0 events):
No events

Metaspace Usage History (0 events):
No events

Dll operation events (1 events):
Event: 0.129 Loaded shared library C:\Program Files\Java\jdk-25\bin\java.dll

Deoptimization events (0 events):
No events

Classes loaded (0 events):
No events

Classes unloaded (0 events):
No events

Classes redefined (0 events):
No events

Internal exceptions (0 events):
No events

VM Operations (0 events):
No events

Memory protections (0 events):
No events

Nmethod flushes (0 events):
No events

Events (0 events):
No events


Dynamic libraries:
0x00007ff70c280000 - 0x00007ff70c290000 	C:\Program Files\Java\jdk-25\bin\java.exe
0x00007fffb0990000 - 0x00007fffb0ba7000 	C:\WINDOWS\SYSTEM32\ntdll.dll
0x00007fffaf6e0000 - 0x00007fffaf7a4000 	C:\WINDOWS\System32\KERNEL32.DLL
0x00007fffadd00000 - 0x00007fffae0d2000 	C:\WINDOWS\System32\KERNELBASE.dll
0x00007fffada80000 - 0x00007fffadb91000 	C:\WINDOWS\System32\ucrtbase.dll
0x00007fff955c0000 - 0x00007fff955de000 	C:\Program Files\Java\jdk-25\bin\VCRUNTIME140.dll
0x00007fff96710000 - 0x00007fff96727000 	C:\Program Files\Java\jdk-25\bin\jli.dll
0x00007fffae650000 - 0x00007fffae801000 	C:\WINDOWS\System32\USER32.dll
0x00007fffadcd0000 - 0x00007fffadcf6000 	C:\WINDOWS\System32\win32u.dll
0x00007fff9bf10000 - 0x00007fff9c1ab000 	C:\WINDOWS\WinSxS\amd64_microsoft.windows.common-controls_6595b64144ccf1df_6.0.22621.5547_none_27104afb73855772\COMCTL32.dll
0x00007fffb01d0000 - 0x00007fffb01f9000 	C:\WINDOWS\System32\GDI32.dll
0x00007fffb03c0000 - 0x00007fffb0467000 	C:\WINDOWS\System32\msvcrt.dll
0x00007fffadba0000 - 0x00007fffadcc3000 	C:\WINDOWS\System32\gdi32full.dll
0x00007fffae500000 - 0x00007fffae59a000 	C:\WINDOWS\System32\msvcp_win.dll
0x00007fffaff40000 - 0x00007fffaff71000 	C:\WINDOWS\System32\IMM32.DLL
0x00007fff9de90000 - 0x00007fff9de9c000 	C:\Program Files\Java\jdk-25\bin\vcruntime140_1.dll
0x00007fff8bc80000 - 0x00007fff8bd0d000 	C:\Program Files\Java\jdk-25\bin\msvcp140.dll
0x00007fff270e0000 - 0x00007fff27f3f000 	C:\Program Files\Java\jdk-25\bin\server\jvm.dll
0x00007fffaf420000 - 0x00007fffaf4d1000 	C:\WINDOWS\System32\ADVAPI32.dll
0x00007fffae810000 - 0x00007fffae8b8000 	C:\WINDOWS\System32\sechost.dll
0x00007fffae310000 - 0x00007fffae338000 	C:\WINDOWS\System32\bcrypt.dll
0x00007fffaf300000 - 0x00007fffaf414000 	C:\WINDOWS\System32\RPCRT4.dll
0x00007fffb0470000 - 0x00007fffb04e1000 	C:\WINDOWS\System32\WS2_32.dll
0x00007fffad960000 - 0x00007fffad9ad000 	C:\WINDOWS\SYSTEM32\POWRPROF.dll
0x00007fffa7320000 - 0x00007fffa7354000 	C:\WINDOWS\SYSTEM32\WINMM.dll
0x00007fffa5cb0000 - 0x00007fffa5cba000 	C:\WINDOWS\SYSTEM32\VERSION.dll
0x00007fffad940000 - 0x00007fffad953000 	C:\WINDOWS\SYSTEM32\UMPDC.dll
0x00007fffacab0000 - 0x00007fffacac8000 	C:\WINDOWS\SYSTEM32\kernel.appcore.dll
0x00007fff9d1a0000 - 0x00007fff9d1aa000 	C:\Program Files\Java\jdk-25\bin\jimage.dll
0x00007fff9bcd0000 - 0x00007fff9bf03000 	C:\WINDOWS\SYSTEM32\DBGHELP.DLL
0x00007fffb05b0000 - 0x00007fffb0943000 	C:\WINDOWS\System32\combase.dll
0x00007fffafdd0000 - 0x00007fffafea7000 	C:\WINDOWS\System32\OLEAUT32.dll
0x00007fff9b840000 - 0x00007fff9b872000 	C:\WINDOWS\SYSTEM32\dbgcore.DLL
0x00007fffae5a0000 - 0x00007fffae61b000 	C:\WINDOWS\System32\bcryptPrimitives.dll
0x00007fff9bad0000 - 0x00007fff9bae0000 	C:\Program Files\Java\jdk-25\bin\instrument.dll
0x00007fff954d0000 - 0x00007fff954ef000 	C:\Program Files\Java\jdk-25\bin\java.dll
0x00007fffafc30000 - 0x00007fffafdd0000 	C:\WINDOWS\System32\ole32.dll
0x00007fffaea50000 - 0x00007fffaf2f2000 	C:\WINDOWS\System32\SHELL32.dll
0x00007fffae340000 - 0x00007fffae47f000 	C:\WINDOWS\System32\wintypes.dll

JVMTI agents:
C:\Users\Admin\AppData\Local\Programs\IntelliJ IDEA 2025.2.4\lib\idea_rt.jar path:none, loaded, not initialized, instrumentlib options:53649

dbghelp: loaded successfully - version: 4.0.5 - missing functions: none
symbol engine: initialized successfully - sym options: 0x614 - pdb path: .;C:\Program Files\Java\jdk-25\bin;C:\WINDOWS\SYSTEM32;C:\WINDOWS\WinSxS\amd64_microsoft.windows.common-controls_6595b64144ccf1df_6.0.22621.5547_none_27104afb73855772;C:\Program Files\Java\jdk-25\bin\server

VM Arguments:
jvm_args: -javaagent:C:\Users\Admin\AppData\Local\Programs\IntelliJ IDEA 2025.2.4\lib\idea_rt.jar=53649 -Dfile.encoding=UTF-8 -Dsun.stdout.encoding=UTF-8 -Dsun.stderr.encoding=UTF-8 
java_command: com.marvellous.MarvellousFullStack.MarvellousFullStackApplication
java_class_path (initial): C:\Users\Admin\Desktop\Spring_boot\MarvellousFullStack\MarvellousFullStack\target\classes;C:\Users\Admin\.m2\repository\org\springframework\boot\spring-boot-starter-webmvc\4.0.0\spring-boot-starter-webmvc-4.0.0.jar;C:\Users\Admin\.m2\repository\org\springframework\boot\spring-boot-starter\4.0.0\spring-boot-starter-4.0.0.jar;C:\Users\Admin\.m2\repository\org\springframework\boot\spring-boot-starter-logging\4.0.0\spring-boot-starter-logging-4.0.0.jar;C:\Users\Admin\.m2\repository\ch\qos\logback\logback-classic\1.5.21\logback-classic-1.5.21.jar;C:\Users\Admin\.m2\repository\ch\qos\logback\logback-core\1.5.21\logback-core-1.5.21.jar;C:\Users\Admin\.m2\repository\org\apache\logging\log4j\log4j-to-slf4j\2.25.2\log4j-to-slf4j-2.25.2.jar;C:\Users\Admin\.m2\repository\org\apache\logging\log4j\log4j-api\2.25.2\log4j-api-2.25.2.jar;C:\Users\Admin\.m2\repository\org\slf4j\jul-to-slf4j\2.0.17\jul-to-slf4j-2.0.17.jar;C:\Users\Admin\.m2\repository\org\springframework\boot\spring-boot-autoconfigure\4.0.0\spring-boot-autoconfigure-4.0.0.jar;C:\Users\Admin\.m2\repository\jakarta\annotation\jakarta.annotation-api\3.0.0\jakarta.annotation-api-3.0.0.jar;C:\Users\Admin\.m2\repository\org\yaml\snakeyaml\2.5\snakeyaml-2.5.jar;C:\Users\Admin\.m2\repository\org\springframework\boot\spring-boot-starter-jackson\4.0.0\spring-boot-starter-jackson-4.0.0.jar;C:\Users\Admin\.m2\repository\org\springframework\boot\spring-boot-jackson\4.0.0\spring-boot-jackson-4.0.0.jar;C:\Users\Admin\.m2\repository\tools\jackson\core\jackson-databind\3.0.2\jackson-databind-3.0.2.jar;C:\Users\Admin\.m2\repository\com\fasterxml\jackson\core\jackson-annotations\2.20\jackson-annotations-2.20.jar;C:\Users\Admin\.m2\repository\tools\jackson\core\jackson-core\3.0.2\jackson-core-3.0.2.jar;C:\Users\Admin\.m2\repository\org\springframework\boot\spring-boot-starter-tomcat\4.0.0\spring-boot-starter-tomcat-4.0.0.jar;C:\Users\Admin\.m2\repository\org\springframework\boot\spring-boot-starter-tomcat-runtime\4.0.0\spring-boot-starter-tomcat-runtime-4.0.0.jar;C:\Users\Admin\.m2\repository\org\apache\tomcat\embed\tomcat-embed-core\11.0.14\tomcat-embed-core-11.0.14.jar;C:\Users\Admin\.m2\repository\org\apache\tomcat\embed\tomcat-embed-el\11.0.14\tomcat-embed-el-11.0.14.jar;C:\Users\Admin\.m2\repository\org\apache\tomcat\embed\tomcat-embed-websocket\11.0.14\tomcat-embed-websocket-11.0.14.jar;C:\Users\Admin\.m2\repository\org\springframework\boot\spring-boot-tomcat\4.0.0\spring-boot-tomcat-4.0.0.jar;C:\Users\Admin\.m2\repository\org\springframework\boot\spring-boot-http-converter\4.0.0\spring-boot-http-converter-4.0.0.jar;C:\Users\Admin\.m2\repository\org\springframework\boot\spring-boot\4.0.0\spring-boot-4.0.0.jar;C:\Users\Admin\.m2\repository\org\springframework\spring-context\7.0.1\spring-context-7.0.1.jar;C:\Users\Admin\.m2\repository\org\springframework\spring-web\7.0.1\spring-web-7.0.1.jar;C:\Users\Admin\.m2\repository\org\springframework\spring-beans\7.0.1\spring-beans-7.0.1.jar;C:\Users\Admin\.m2\repository\io\micrometer\micrometer-observation\1.16.0\micrometer-observation-1.16.0.jar;C:\Users\Admin\.m2\repository\io\micrometer\micrometer-commons\1.16.0\micrometer-commons-1.16.0.jar;C:\Users\Admin\.m2\repository\org\springframework\boot\spring-boot-webmvc\4.0.0\spring-boot-webmvc-4.0.0.jar;C:\Users\Admin\.m2\repository\org\springframework\boot\spring-boot-servlet\4.0.0\spring-boot-servlet-4.0.0.jar;C:\Users\Admin\.m2\repository\org\springframework\spring-webmvc\7.0.1\spring-webmvc-7.0.1.jar;C:\Users\Admin\.m2\repository\org\springframework\spring-aop\7.0.1\spring-aop-7.0.1.jar;C:\Users\Admin\.m2\repository\org\springframework\spring-expression\7.0.1\spring-expression-7.0.1.jar;C:\Users\Admin\.m2\repository\org\springframework\boot\spring-boot-starter-data-mongodb\4.0.0\spring-boot-starter-data-mongodb-4.0.0.jar;C:\Users\Admin\.m2\repository\org\springframework\boot\spring-boot-starter-mongodb\4.0.0\spring-boot-starter-mongodb-4.0.0.jar;C:\Users\Admin\.m2\repository\org\springframework\boot\spring-boot-mongodb\4.0.0\spring-boot-mongodb-4.0.0.jar;C:\Users\Admin\.m2\repository\org\mongodb\mongodb-driver-sync\5.6.1\mongodb-driver-sync-5.6.1.jar;C:\Users\Admin\.m2\repository\org\mongodb\bson\5.6.1\bson-5.6.1.jar;C:\Users\Admin\.m2\repository\org\mongodb\mongodb-driver-core\5.6.1\mongodb-driver-core-5.6.1.jar;C:\Users\Admin\.m2\repository\org\mongodb\bson-record-codec\5.6.1\bson-record-codec-5.6.1.jar;C:\Users\Admin\.m2\repository\org\springframework\boot\spring-boot-data-mongodb\4.0.0\spring-boot-data-mongodb-4.0.0.jar;C:\Users\Admin\.m2\repository\org\springframework\boot\spring-boot-data-commons\4.0.0\spring-boot-data-commons-4.0.0.jar;C:\Users\Admin\.m2\repository\org\springframework\boot\spring-boot-persistence\4.0.0\spring-boot-persistence-4.0.0.jar;C:\Users\Admin\.m2\repository\org\springframework\data\spring-data-commons\4.0.0\spring-data-commons-4.0.0.jar;C:\Users\Admin\.m2\repository\org\springframework\boot\spring-boot-transaction\4.0.0\spring-boot-transaction-4.0.0.jar;C:\Users\Admin\.m2\repository\org\springframework\spring-tx\7.0.1\spring-tx-7.0.1.jar;C:\Users\Admin\.m2\repository\org\springframework\data\spring-data-mongodb\5.0.0\spring-data-mongodb-5.0.0.jar;C:\Users\Admin\.m2\repository\org\slf4j\slf4j-api\2.0.17\slf4j-api-2.0.17.jar;C:\Users\Admin\.m2\repository\org\springframework\spring-core\7.0.1\spring-core-7.0.1.jar;C:\Users\Admin\.m2\repository\commons-logging\commons-logging\1.3.5\commons-logging-1.3.5.jar;C:\Users\Admin\.m2\repository\org\jspecify\jspecify\1.0.0\jspecify-1.0.0.jar;C:\Users\Admin\.m2\repository\org\springframework\boot\spring-boot-web-server\4.0.0\spring-boot-web-server-4.0.0.jar
Launcher Type: SUN_STANDARD

[Global flags]
     intx CICompilerCount                          = 3                                         {product} {ergonomic}
     uint ConcGCThreads                            = 1                                         {product} {ergonomic}
     uint G1ConcRefinementThreads                  = 4                                         {product} {ergonomic}
   size_t G1HeapRegionSize                         = 1048576                                   {product} {ergonomic}
   size_t InitialHeapSize                          = 134217728                                 {product} {ergonomic}
   size_t MarkStackSize                            = 4194304                                   {product} {ergonomic}
   size_t MarkStackSizeMax                         = 536870912                                 {product} {ergonomic}
   size_t MaxHeapSize                              = 2122317824                                {product} {ergonomic}
   size_t MinHeapDeltaBytes                        = 1048576                                   {product} {ergonomic}
   size_t MinHeapSize                              = 8388608                                   {product} {ergonomic}
    uintx NonNMethodCodeHeapSize                   = 5832704                                {pd product} {ergonomic}
    uintx NonProfiledCodeHeapSize                  = 122945536                              {pd product} {ergonomic}
    uintx ProfiledCodeHeapSize                     = 122880000                              {pd product} {ergonomic}
    uintx ReservedCodeCacheSize                    = 251658240                              {pd product} {ergonomic}
     bool SegmentedCodeCache                       = true                                      {product} {ergonomic}
   size_t SoftMaxHeapSize                          = 2122317824                             {manageable} {ergonomic}
     bool UseCompressedOops                        = true                           {product lp64_product} {ergonomic}
     bool UseG1GC                                  = true                                      {product} {ergonomic}
     bool UseLargePagesIndividualAllocation        = false                                  {pd product} {ergonomic}

Logging:
Log output configuration:
 #0: stdout all=warning uptime,level,tags foldmultilines=false
 #1: stderr all=off uptime,level,tags foldmultilines=false

Release file:
<release file has not been read>
Environment Variables:
PATH=C:\Program Files\Common Files\Oracle\Java\javapath;C:\Program Files\Java\jdk-25\bin;C:\Program Files\MongoDB\Server\8.0\bin;C:\Program Files\MongoDB\Server\8.0\bin;C:\Program Files\MongoDB\mongosh;C:\Program Files\MongoDB\mongosh\bin;C:\Program Files\nodejs\;C:\Users\Admin\AppData\Local\Programs\Python\Python311\Scripts\;C:\Users\Admin\AppData\Local\Programs\Python\Python311\;C:\Users\Admin\AppData\Local\Programs\Python\Launcher\;C:\Users\Admin\AppData\Local\Microsoft\WindowsApps;C:\MinGW\bin;C:\Users\Admin\AppData\Local\Programs\Microsoft VS Code\bin;C:\Users\Admin\AppData\Local\Programs\IntelliJ IDEA 2025.2.4\bin;C:\Users\Admin\AppData\Local\Programs\mongosh\;C:\Users\Admin\AppData\Roaming\npm
USERNAME=Nagesh
OS=Windows_NT
PROCESSOR_IDENTIFIER=Intel64 Family 6 Model 69 Stepping 1, GenuineIntel
TMP=C:\Users\Admin\AppData\Local\Temp
TEMP=C:\Users\Admin\AppData\Local\Temp




Compilation memory statistics disabled.

Periodic native trim disabled

---------------  S Y S T E M  ---------------

OS:
 Windows 11 , 64 bit Build 22621 (10.0.22621.5415)
OS uptime: 0 days 5:19 hours

CPU: total 4 (initial active 4) (2 cores per cpu, 2 threads per core) family 6 model 69 stepping 1 microcode 0x26, cx8, cmov, fxsr, ht, mmx, sse, sse2, sse3, ssse3, sse4.1, sse4.2, popcnt, lzcnt, tsc, tscinvbit, avx, avx2, aes, erms, clmul, bmi1, bmi2, fma, vzeroupper, clflush, rdtscp, f16c
Processor Information for the first 4 processors :
  Max Mhz: 2701, Current Mhz: 2701, Mhz Limit: 2701

Memory: 4k page, system-wide physical 8089M (423M free)
TotalPageFile size 13026M (AvailPageFile size 21M)
current process WorkingSet (physical memory assigned to process): 12M, peak: 12M
current process commit charge ("private bytes"): 52M, peak: 180M

vm_info: Java HotSpot(TM) 64-Bit Server VM (25+37-LTS-3491) for windows-amd64 JRE (25+37-LTS-3491), built on 2025-08-14T21:13:00Z with unknown MS VC++:1943

END.
